Arguments: 
  /usr/local/bin/node /Users/otal/.yarn/bin/yarn.js install

PATH: 
  /Users/otal/.yarn/bin:/Users/otal/.config/yarn/global/node_modules/.bin:/Applications/MDDevTools:/usr/local/bin:/usr/bin:/bin:/usr/sbin:/sbin:/usr/local/share/dotnet:~/.dotnet/tools:/Library/Frameworks/Mono.framework/Versions/Current/Commands:/Applications/Xamarin Workbooks.app/Contents/SharedSupport/path-bin:/Users/otal/.yarn/bin:/Users/otal/.config/yarn/global/node_modules/.bin:/Applications/MDDevTools

Yarn version: 
  1.15.2

Node version: 
  8.15.0

Platform: 
  darwin x64

Trace: 
  Error: https://martifactory.io/api/npm/virtual-npm/babel-cli: ETIMEDOUT
      at Timeout._onTimeout (/Users/otal/.yarn/lib/cli.js:130201:19)
      at ontimeout (timers.js:498:11)
      at tryOnTimeout (timers.js:323:5)
      at Timer.listOnTimeout (timers.js:290:5)

npm manifest: 
  {
    "name": "Expensfiy",
    "version": "1.0.0",
    "main": "index.js",
    "license": "MIT",
    "scripts": {
      "build:dev": "webpack",
      "build:prod": "webpack -p --env production",
      "dev-server": "webpack-dev-server",
      "test": "jest --config=jest.config.json",
      "start": "node server/server.js",
      "heroku-postbuild": "yarn run build:prod"
    },
    "dependencies": {
      "babel-cli": "^6.26.0",
      "babel-core": "6.25.0",
      "babel-loader": "7.1.1",
      "babel-plugin-transform-class-properties": "^6.24.1",
      "babel-plugin-transform-object-rest-spread": "^6.26.0",
      "babel-preset-env": "^1.7.0",
      "babel-preset-react": "^6.24.1",
      "css-loader": "^2.1.0",
      "eslint-config-prettier": "^4.0.0",
      "eslint-plugin-prettier": "^3.0.1",
      "express": "^4.16.4",
      "extract-text-webpack-plugin": "^3.0.2",
      "moment": "^2.24.0",
      "node-sass": "^4.11.0",
      "normalize.css": "^8.0.1",
      "numeral": "^2.0.6",
      "prettier": "^1.16.4",
      "raf": "3.3.2",
      "react": "^16.8.1",
      "react-addons-shallow-compare": "^15.6.2",
      "react-dates": "^19.0.3",
      "react-dom": "^16.8.1",
      "react-modal": "^3.8.1",
      "react-redux": "^6.0.0",
      "react-router-dom": "^4.3.1",
      "redux": "^4.0.1",
      "sass-loader": "^7.1.0",
      "style-loader": "^0.23.1",
      "uuid": "^3.3.2",
      "validator": "^10.11.0",
      "webpack": "3.1.0"
    },
    "devDependencies": {
      "enzyme": "3.0.0",
      "enzyme-adapter-react-16": "1.0.0",
      "enzyme-to-json": "3.0.1",
      "jest": "20.0.4",
      "react-test-renderer": "^16.8.2",
      "webpack-dev-server": "2.5.1"
    }
  }

yarn manifest: 
  No manifest

Lockfile: 
  No lockfile
